<?xml version="1.0" encoding="UTF-8"?>
<!-- Generated by org.testng.reporters.JUnitReportReporter -->
<testsuite hostname="sunkaras-mbp.lan" failures="0" tests="1" name="testclass.NewTest" time="1.922" errors="0" timestamp="2023-07-13T09:04:11 PDT" skipped="0">
  <testcase classname="testclass.NewTest" name="getAllLinks" time="1.922"/>
</testsuite> <!-- testclass.NewTest -->
